14:15:36:016 [main] INFO  api.payload.UserDataManager - user deleted
14:15:38:044 [main] INFO  api.payload.UserDataManager - Cleaning up test data...
14:15:38:045 [main] INFO  api.payload.UserDataManager - Test data cleanup complete.
14:16:45:757 [main] INFO  api.payload.UserDataManager - Setting up test data...
14:16:46:001 [main] INFO  api.payload.UserDataManager - Test data setup complete.
14:17:13:680 [main] INFO  api.payload.UserDataManager - Setting up test data...
14:17:13:914 [main] INFO  api.payload.UserDataManager - Test data setup complete.
14:17:16:895 [main] INFO  api.payload.UserDataManager - Created User from Data Provider: testuser1
14:17:26:991 [main] INFO  api.payload.UserDataManager - Created User from Data Provider: testuser2
14:17:35:373 [main] INFO  api.payload.UserDataManager - Created User from Data Provider: testuser3
14:17:42:932 [main] INFO  api.payload.UserDataManager - Created User from Data Provider: testuser4
14:17:50:983 [main] INFO  api.payload.UserDataManager - Created User from Data Provider: testuser5
14:18:39:706 [main] INFO  api.payload.UserDataManager - Cleaning up test data...
14:18:39:707 [main] INFO  api.payload.UserDataManager - Test data cleanup complete.
14:19:32:513 [main] INFO  api.payload.UserDataManager - Setting up test data...
14:19:32:738 [main] INFO  api.payload.UserDataManager - Test data setup complete.
14:19:35:764 [main] INFO  api.payload.UserDataManager - Created User from Data Provider: testuser1
14:19:46:886 [main] INFO  api.payload.UserDataManager - Created User from Data Provider: testuser2
14:19:55:599 [main] INFO  api.payload.UserDataManager - Created User from Data Provider: testuser3
14:20:03:708 [main] INFO  api.payload.UserDataManager - Created User from Data Provider: testuser4
14:20:11:680 [main] INFO  api.payload.UserDataManager - Created User from Data Provider: testuser5
14:20:57:905 [main] INFO  api.payload.UserDataManager - Cleaning up test data...
14:20:57:906 [main] INFO  api.payload.UserDataManager - Test data cleanup complete.
14:27:21:317 [main] INFO  api.payload.UserDataManager - Setting up test data...
14:27:21:550 [main] INFO  api.payload.UserDataManager - Test data setup complete.
14:28:45:704 [main] INFO  api.payload.UserDataManager - Cleaning up test data...
14:28:45:705 [main] INFO  api.payload.UserDataManager - Test data cleanup complete.
14:29:52:387 [main] INFO  api.payload.UserDataManager - Setting up test data...
14:29:52:628 [main] INFO  api.payload.UserDataManager - Test data setup complete.
14:29:55:625 [main] INFO  api.payload.UserDataManager - Created User from Data Provider: testuser1
14:30:07:100 [main] INFO  api.payload.UserDataManager - Created User from Data Provider: testuser2
14:30:15:245 [main] INFO  api.payload.UserDataManager - Created User from Data Provider: testuser3
14:30:22:618 [main] INFO  api.payload.UserDataManager - Created User from Data Provider: testuser4
14:30:30:605 [main] INFO  api.payload.UserDataManager - Created User from Data Provider: testuser5
14:31:14:696 [main] INFO  api.payload.UserDataManager - Cleaning up test data...
14:31:14:697 [main] INFO  api.payload.UserDataManager - Test data cleanup complete.
14:32:51:623 [main] INFO  api.payload.UserDataManager - Setting up test data...
14:32:51:852 [main] INFO  api.payload.UserDataManager - Test data setup complete.
14:39:56:629 [main] INFO  api.payload.UserDataManager - Created User from Data Provider: testuser1
14:42:29:958 [main] INFO  api.payload.UserDataManager - Created User from Data Provider: testuser2
14:42:52:203 [main] INFO  api.payload.UserDataManager - Created User from Data Provider: testuser3
14:43:39:809 [main] INFO  api.payload.UserDataManager - Created User from Data Provider: testuser4
14:45:21:031 [main] INFO  api.payload.UserDataManager - Created User from Data Provider: testuser5
14:49:50:517 [main] INFO  api.payload.UserDataManager - Cleaning up test data...
14:49:50:518 [main] INFO  api.payload.UserDataManager - Test data cleanup complete.
14:50:56:403 [main] INFO  api.payload.UserDataManager - Setting up test data...
14:50:56:664 [main] INFO  api.payload.UserDataManager - Test data setup complete.
14:51:06:643 [main] INFO  api.payload.UserDataManager - Created User from Data Provider: testuser1
14:51:19:921 [main] INFO  api.payload.UserDataManager - Created User from Data Provider: testuser2
14:51:27:035 [main] INFO  api.payload.UserDataManager - Created User from Data Provider: testuser3
14:51:33:929 [main] INFO  api.payload.UserDataManager - Created User from Data Provider: testuser4
14:51:41:831 [main] INFO  api.payload.UserDataManager - Created User from Data Provider: testuser5
14:55:54:196 [main] INFO  api.payload.UserDataManager - Cleaning up test data...
14:55:54:197 [main] INFO  api.payload.UserDataManager - Test data cleanup complete.
15:53:48:903 [main] INFO  api.payload.UserDataManager - Creating user using DataProvider...
15:53:48:909 [main] INFO  api.payload.UserDataManager - Created User from Data Provider: testuser1
