14:49:53:729 [main] INFO  api.test.UserTests - creating user
14:49:59:190 [main] INFO  api.test.UserTests - user created
14:49:59:208 [main] INFO  api.test.UserTests - reading user
14:50:01:111 [main] INFO  api.test.UserTests - user displayed
14:50:01:118 [main] INFO  api.test.UserTests - updating user
14:50:03:018 [main] INFO  api.test.UserTests - user updated
14:50:04:862 [main] INFO  api.test.UserTests - updated user displayed
14:50:04:867 [main] INFO  api.test.UserTests - deleting user
14:50:06:281 [main] INFO  api.test.UserTests - user deleted
18:03:20:511 [main] INFO  api.test.UserTests - creating user
18:03:22:940 [main] INFO  api.test.UserTests - user created
18:03:22:945 [main] INFO  api.test.UserTests - reading user
18:03:24:959 [main] INFO  api.test.UserTests - user displayed
18:03:24:963 [main] INFO  api.test.UserTests - updating user
18:03:26:416 [main] INFO  api.test.UserTests - user updated
18:03:28:598 [main] INFO  api.test.UserTests - updated user displayed
18:03:28:602 [main] INFO  api.test.UserTests - deleting user
18:03:30:824 [main] INFO  api.test.UserTests - user deleted
18:04:18:602 [main] INFO  api.test.UserTests - creating user
18:04:23:690 [main] INFO  api.test.UserTests - user created
18:04:23:732 [main] INFO  api.test.UserTests - reading user
18:04:27:504 [main] INFO  api.test.UserTests - user displayed
18:04:27:526 [main] INFO  api.test.UserTests - updating user
18:04:29:764 [main] INFO  api.test.UserTests - user updated
18:04:31:827 [main] INFO  api.test.UserTests - updated user displayed
18:04:31:848 [main] INFO  api.test.UserTests - deleting user
18:04:34:870 [main] INFO  api.test.UserTests - user deleted
18:05:42:229 [main] INFO  api.test.UserTests - creating user
18:05:45:308 [main] INFO  api.test.UserTests - user created
18:05:45:310 [main] INFO  api.test.UserTests - reading user
18:05:48:490 [main] INFO  api.test.UserTests - user displayed
18:05:48:496 [main] INFO  api.test.UserTests - updating user
18:05:51:601 [main] INFO  api.test.UserTests - user updated
18:05:55:256 [main] INFO  api.test.UserTests - updated user displayed
18:05:55:259 [main] INFO  api.test.UserTests - deleting user
18:05:59:280 [main] INFO  api.test.UserTests - user deleted
18:08:54:730 [main] INFO  api.test.UserTests - creating user
18:08:56:628 [main] INFO  api.test.UserTests - user created
18:08:56:642 [main] INFO  api.test.UserTests - reading user
18:08:58:755 [main] INFO  api.test.UserTests - user displayed
18:08:58:770 [main] INFO  api.test.UserTests - updating user
18:09:01:358 [main] INFO  api.test.UserTests - user updated
18:09:03:662 [main] INFO  api.test.UserTests - updated user displayed
18:09:03:664 [main] INFO  api.test.UserTests - deleting user
18:09:06:066 [main] INFO  api.test.UserTests - user deleted
18:12:18:270 [main] INFO  api.test.UserTests - creating user
18:12:20:932 [main] INFO  api.test.UserTests - user created
18:12:20:937 [main] INFO  api.test.UserTests - reading user
18:12:23:863 [main] INFO  api.test.UserTests - user displayed
18:12:23:870 [main] INFO  api.test.UserTests - updating user
18:12:26:694 [main] INFO  api.test.UserTests - user updated
18:12:31:433 [main] INFO  api.test.UserTests - updated user displayed
18:12:31:440 [main] INFO  api.test.UserTests - deleting user
18:12:33:688 [main] INFO  api.test.UserTests - user deleted
21:59:55:224 [main] INFO  api.test.UserTests - creating user
21:59:56:913 [main] INFO  api.test.UserTests - user created
21:59:56:915 [main] INFO  api.test.UserTests - reading user
21:59:58:503 [main] INFO  api.test.UserTests - user displayed
21:59:58:509 [main] INFO  api.test.UserTests - updating user
22:00:00:020 [main] INFO  api.test.UserTests - user updated
22:00:01:513 [main] INFO  api.test.UserTests - updated user displayed
22:00:01:519 [main] INFO  api.test.UserTests - deleting user
22:00:03:038 [main] INFO  api.test.UserTests - user deleted
22:00:51:197 [main] INFO  api.test.UserTests - creating user
22:00:52:745 [main] INFO  api.test.UserTests - user created
22:00:52:748 [main] INFO  api.test.UserTests - reading user
22:00:54:212 [main] INFO  api.test.UserTests - user displayed
22:00:54:217 [main] INFO  api.test.UserTests - updating user
22:00:55:714 [main] INFO  api.test.UserTests - user updated
22:00:57:217 [main] INFO  api.test.UserTests - updated user displayed
22:00:57:223 [main] INFO  api.test.UserTests - deleting user
22:00:58:723 [main] INFO  api.test.UserTests - user deleted
22:02:11:434 [main] INFO  api.test.UserTests - creating user
22:02:13:020 [main] INFO  api.test.UserTests - user created
22:02:13:023 [main] INFO  api.test.UserTests - reading user
22:02:14:495 [main] INFO  api.test.UserTests - user displayed
22:02:14:500 [main] INFO  api.test.UserTests - updating user
22:02:15:994 [main] INFO  api.test.UserTests - user updated
22:02:17:480 [main] INFO  api.test.UserTests - updated user displayed
22:02:17:482 [main] INFO  api.test.UserTests - deleting user
